[067月2024 10:04:11.139] [main/INFO] [cpw.mods.modlauncher.Launcher/MODLAUNCHER]: ModLauncher running: args [--launchTarget, forgeclientuserdev, --version, 21.0.52-beta, --assetIndex, asset-index, --assetsDir, E:\.gradle\caches\minecraft\assets\1.21, --gameDir, ., --fml.neoForgeVersion, 21.0.52-beta, --fml.fmlVersion, 4.0.6, --fml.mcVersion, 1.21, --fml.neoFormVersion, 20240613.152323]
[067月2024 10:04:11.141] [main/INFO] [cpw.mods.modlauncher.Launcher/MODLAUNCHER]: JVM identified as Oracle Corporation OpenJDK 64-Bit Server VM 21.0.2+13-58
[067月2024 10:04:11.143] [main/INFO] [cpw.mods.modlauncher.Launcher/MODLAUNCHER]: ModLauncher 11.0.3+main.0f24dec3 starting: java version 21.0.2 by Oracle Corporation; OS Windows 10 arch amd64 version 10.0
[067月2024 10:04:11.285] [main/INFO] [net.neoforged.fml.loading.ImmediateWindowHandler/]: Loading ImmediateWindowProvider fmlearlywindow
[067月2024 10:04:11.496] [main/INFO] [EARLYDISPLAY/]: Trying GL version 4.6
[067月2024 10:04:11.574] [main/INFO] [EARLYDISPLAY/]: Requested GL version 4.6 got version 4.6
[067月2024 10:04:11.697] [main/INFO] [mixin/]: SpongePowered MIXIN Subsystem Version=0.8.5 Source=union:/E:/.gradle/caches/modules-2/files-2.1/net.fabricmc/sponge-mixin/0.13.4+mixin.0.8.5/8adf0cff1795a169141b9e16ad7b9f6e2527a990/sponge-mixin-0.13.4+mixin.0.8.5.jar%23136!/ Service=ModLauncher Env=CLIENT
[067月2024 10:04:11.906] [pool-2-thread-1/INFO] [EARLYDISPLAY/]: GL info: Intel(R) HD Graphics 630 GL version 4.6.0 - Build 31.0.101.2121, Intel
[067月2024 10:04:12.059] [main/INFO] [net.neoforged.fml.loading.moddiscovery.ModDiscoverer/SCAN]: Found mod file "neoforge-21.0.52-beta.jar" [locator: neoforge devenv provider ([D:\MinecraftNeoForgeMod\NotifyMeNeoForge\.gradle\repositories\ng_dummy_ng\net\neoforged\neoforge\21.0.52-beta\neoforge-21.0.52-beta.jar])]
[067月2024 10:04:12.076] [main/INFO] [net.neoforged.fml.loading.moddiscovery.ModDiscoverer/SCAN]: Found mod file "neoforge-21.0.52-beta.jar" [locator: neoforge devenv provider ([D:\MinecraftNeoForgeMod\NotifyMeNeoForge\.gradle\repositories\ng_dummy_ng\net\neoforged\neoforge\21.0.52-beta\neoforge-21.0.52-beta.jar])]
[067月2024 10:04:12.091] [main/INFO] [net.neoforged.fml.loading.moddiscovery.ModDiscoverer/SCAN]: Found mod file "main" [locator: userdev mods and services, reader: mod manifest]
[067月2024 10:04:12.111] [main/INFO] [net.neoforged.fml.loading.moddiscovery.ModDiscoverer/SCAN]: Found mod file "neoforge-21.0.52-beta.jar" [locator: userdev mods and services, reader: mod manifest]
[067月2024 10:04:12.165] [main/INFO] [net.neoforged.fml.loading.moddiscovery.ModDiscoverer/SCAN]: Found gamelibrary file "mixinextras-neoforge-0.3.5.jar" [locator: userdev mods and services, reader: mod manifest]
[067月2024 10:04:12.390] [main/WARN] [net.neoforged.jarjar.selection.JarSelector/]: Attempted to select a dependency jar for JarJar which was passed in as source: mixinextras-neoforge-0.3.5.jar. Using Mod File: E:\.gradle\caches\modules-2\files-2.1\io.github.llamalad7\mixinextras-neoforge\0.3.5\ef3ffcf309dae656517b2f120189b1c9b21737dd\mixinextras-neoforge-0.3.5.jar
[067月2024 10:04:12.391] [main/INFO] [net.neoforged.fml.loading.moddiscovery.locators.JarInJarDependencyLocator/]: No dependencies to load found. Skipping!
[067月2024 10:04:12.597] [main/INFO] [net.neoforged.fml.loading.FMLServiceProvider/CORE]: Loading coremod script-engine for [neoforge]
[067月2024 10:04:13.376] [main/INFO] [cpw.mods.modlauncher.LaunchServiceHandler/MODLAUNCHER]: Launching target 'forgeclientuserdev' with arguments [--version, 21.0.52-beta, --gameDir, ., --assetsDir, E:\.gradle\caches\minecraft\assets\1.21, --assetIndex, asset-index]
[067月2024 10:04:13.426] [main/WARN] [mixin/]: Reference map 'num.refmap.json' for nmn.mixins.json could not be read. If this is a development environment you can ignore this message
[067月2024 10:04:15.615] [Datafixer Bootstrap/INFO] [com.mojang.datafixers.DataFixerBuilder/]: 229 Datafixer optimizations took 663 milliseconds
[067月2024 10:04:24.252] [main/WARN] [net.minecraft.commands.Commands/]: Ambiguity between arguments [teleport, location] and [teleport, destination] with inputs: [0.1 -0.5 .9, 0 0 0]
[067月2024 10:04:24.254] [main/WARN] [net.minecraft.commands.Commands/]: Ambiguity between arguments [teleport, location] and [teleport, targets] with inputs: [0.1 -0.5 .9, 0 0 0]
[067月2024 10:04:24.258] [main/WARN] [net.minecraft.commands.Commands/]: Ambiguity between arguments [teleport, destination] and [teleport, targets] with inputs: [Player, 0123, @e, dd12be42-52a9-4a91-a8a1-11c01849e498]
[067月2024 10:04:24.259] [main/WARN] [net.minecraft.commands.Commands/]: Ambiguity between arguments [teleport, targets] and [teleport, destination] with inputs: [Player, 0123, dd12be42-52a9-4a91-a8a1-11c01849e498]
[067月2024 10:04:24.260] [main/WARN] [net.minecraft.commands.Commands/]: Ambiguity between arguments [teleport, targets, location] and [teleport, targets, destination] with inputs: [0.1 -0.5 .9, 0 0 0]
[067月2024 10:04:24.415] [Render thread/WARN] [net.minecraft.server.packs.VanillaPackResourcesBuilder/]: Assets URL 'union:/D:/MinecraftNeoForgeMod/NotifyMeNeoForge/.gradle/repositories/ng_dummy_ng/net/neoforged/neoforge/21.0.52-beta/neoforge-21.0.52-beta.jar%23190!/assets/.mcassetsroot' uses unexpected schema
[067月2024 10:04:24.415] [Render thread/WARN] [net.minecraft.server.packs.VanillaPackResourcesBuilder/]: Assets URL 'union:/D:/MinecraftNeoForgeMod/NotifyMeNeoForge/.gradle/repositories/ng_dummy_ng/net/neoforged/neoforge/21.0.52-beta/neoforge-21.0.52-beta.jar%23190!/data/.mcassetsroot' uses unexpected schema
[067月2024 10:04:24.444] [Render thread/INFO] [com.mojang.authlib.yggdrasil.YggdrasilAuthenticationService/]: Environment: Environment[sessionHost=https://sessionserver.mojang.com, servicesHost=https://api.minecraftservices.com, name=PROD]
[067月2024 10:04:24.457] [Render thread/INFO] [net.minecraft.client.Minecraft/]: Setting user: Dev
[067月2024 10:04:24.570] [Render thread/INFO] [net.minecraft.client.Minecraft/]: Backend library: LWJGL version 3.3.3+5
[067月2024 10:04:24.824] [modloading-worker-0/INFO] [net.neoforged.neoforge.common.NeoForgeMod/NEOFORGE-MOD]: NeoForge mod loading, version 21.0.52-beta, for MC 1.21
[067月2024 10:04:25.672] [Render thread/INFO] [net.neoforged.neoforge.gametest.GameTestHooks/]: Enabled Gametest Namespaces: []
[067月2024 10:04:25.882] [Render thread/INFO] [MixinExtras|Service/]: Initializing MixinExtras via com.llamalad7.mixinextras.service.MixinExtrasServiceImpl(version=0.3.5).
[067月2024 10:04:25.998] [Render thread/INFO] [net.minecraft.server.packs.resources.ReloadableResourceManager/]: Reloading ResourceManager: vanilla, mod_resources, mod/neoforge, mod/nmn
[067月2024 10:04:26.158] [Worker-Main-6/INFO] [net.minecraft.client.gui.font.providers.UnihexProvider/]: Found unifont_all_no_pua-15.1.05.hex, loading
[067月2024 10:04:26.407] [Worker-Main-7/INFO] [net.minecraft.client.gui.font.providers.UnihexProvider/]: Found unifont_jp_patch-15.1.05.hex, loading
[067月2024 10:04:28.210] [Render thread/WARN] [net.minecraft.client.sounds.SoundEngine/]: Missing sound for event: minecraft:item.goat_horn.play
[067月2024 10:04:28.211] [Render thread/WARN] [net.minecraft.client.sounds.SoundEngine/]: Missing sound for event: minecraft:entity.goat.screaming.horn_break
[067月2024 10:04:28.378] [Render thread/INFO] [com.mojang.blaze3d.audio.Library/]: OpenAL initialized on device OpenAL Soft on 扬声器 (Realtek High Definition Audio)
[067月2024 10:04:28.379] [Render thread/INFO] [net.minecraft.client.sounds.SoundEngine/SOUNDS]: Sound engine started
[067月2024 10:04:28.577] [Render thread/INFO] [net.minecraft.client.renderer.texture.TextureAtlas/]: Created: 1024x512x4 minecraft:textures/atlas/blocks.png-atlas
[067月2024 10:04:28.688] [Render thread/INFO] [net.minecraft.client.renderer.texture.TextureAtlas/]: Created: 256x256x4 minecraft:textures/atlas/signs.png-atlas
[067月2024 10:04:28.690] [Render thread/INFO] [net.minecraft.client.renderer.texture.TextureAtlas/]: Created: 512x512x4 minecraft:textures/atlas/shield_patterns.png-atlas
[067月2024 10:04:28.695] [Render thread/INFO] [net.minecraft.client.renderer.texture.TextureAtlas/]: Created: 512x512x4 minecraft:textures/atlas/banner_patterns.png-atlas
[067月2024 10:04:28.699] [Render thread/INFO] [net.minecraft.client.renderer.texture.TextureAtlas/]: Created: 1024x1024x4 minecraft:textures/atlas/armor_trims.png-atlas
[067月2024 10:04:28.738] [Render thread/INFO] [net.minecraft.client.renderer.texture.TextureAtlas/]: Created: 128x64x4 minecraft:textures/atlas/decorated_pot.png-atlas
[067月2024 10:04:28.741] [Render thread/INFO] [net.minecraft.client.renderer.texture.TextureAtlas/]: Created: 256x256x4 minecraft:textures/atlas/chest.png-atlas
[067月2024 10:04:28.743] [Render thread/INFO] [net.minecraft.client.renderer.texture.TextureAtlas/]: Created: 512x256x4 minecraft:textures/atlas/beds.png-atlas
[067月2024 10:04:28.745] [Render thread/INFO] [net.minecraft.client.renderer.texture.TextureAtlas/]: Created: 512x256x4 minecraft:textures/atlas/shulker_boxes.png-atlas
[067月2024 10:04:29.083] [Render thread/INFO] [net.minecraft.client.renderer.texture.TextureAtlas/]: Created: 512x256x0 minecraft:textures/atlas/particles.png-atlas
[067月2024 10:04:29.107] [Render thread/INFO] [net.minecraft.client.renderer.texture.TextureAtlas/]: Created: 512x256x0 minecraft:textures/atlas/paintings.png-atlas
[067月2024 10:04:29.111] [Render thread/INFO] [net.minecraft.client.renderer.texture.TextureAtlas/]: Created: 256x128x0 minecraft:textures/atlas/mob_effects.png-atlas
[067月2024 10:04:29.115] [Render thread/INFO] [net.minecraft.client.renderer.texture.TextureAtlas/]: Created: 64x64x0 minecraft:textures/atlas/map_decorations.png-atlas
[067月2024 10:04:29.118] [Render thread/INFO] [net.minecraft.client.renderer.texture.TextureAtlas/]: Created: 1024x512x0 minecraft:textures/atlas/gui.png-atlas
[067月2024 10:04:29.510] [Render thread/WARN] [net.minecraft.client.renderer.ShaderInstance/]: Shader rendertype_entity_translucent_emissive could not find sampler named Sampler2 in the specified shader program.
[067月2024 10:04:37.312] [Render thread/INFO] [net.minecraft.world.item.crafting.RecipeManager/]: Loaded 1290 recipes
[067月2024 10:04:37.478] [Render thread/INFO] [net.minecraft.advancements.AdvancementTree/]: Loaded 1399 advancements
[067月2024 10:04:38.025] [Server thread/INFO] [net.minecraft.client.server.IntegratedServer/]: Starting integrated minecraft server version 1.21
[067月2024 10:04:38.026] [Server thread/INFO] [net.minecraft.server.MinecraftServer/]: Generating keypair
[067月2024 10:04:39.935] [Server thread/INFO] [net.minecraft.server.MinecraftServer/]: Preparing start region for dimension minecraft:overworld
[067月2024 10:04:40.252] [progressListener/INFO] [net.minecraft.server.level.progress.LoggerChunkProgressListener/]: Preparing spawn area: 0%
[067月2024 10:04:40.491] [progressListener/INFO] [net.minecraft.server.level.progress.LoggerChunkProgressListener/]: Preparing spawn area: 16%
[067月2024 10:04:40.811] [Server thread/INFO] [net.neoforged.neoforge.server.permission.PermissionAPI/]: Successfully initialized permission handler neoforge:default_handler
[067月2024 10:04:40.819] [progressListener/INFO] [net.minecraft.server.level.progress.LoggerChunkProgressListener/]: Time elapsed: 877 ms
[067月2024 10:04:41.174] [Server thread/INFO] [net.minecraft.client.server.IntegratedServer/]: Changing view distance to 12, from 10
[067月2024 10:04:41.174] [Server thread/INFO] [net.minecraft.client.server.IntegratedServer/]: Changing simulation distance to 12, from 0
[067月2024 10:04:42.181] [Server thread/INFO] [net.minecraft.server.players.PlayerList/]: Dev[local:E:610f8211] logged in with entity id 114 at (4.5, 110.0, -8.642830473686498)
[067月2024 10:04:42.247] [Server thread/INFO] [net.minecraft.server.MinecraftServer/]: Dev joined the game
[067月2024 10:04:42.405] [Render thread/INFO] [net.minecraft.advancements.AdvancementTree/]: Loaded 2 advancements
[067月2024 10:04:50.499] [Server thread/INFO] [net.minecraft.server.MinecraftServer/]: [Not Secure] <Dev> dev
[067月2024 10:04:50.523] [Render thread/INFO] [net.minecraft.client.gui.components.ChatComponent/]: [CHAT] <Dev> dev
[067月2024 10:04:53.096] [Render thread/INFO] [net.minecraft.client.gui.components.ChatComponent/]: [System] [CHAT] Notify: false
[067月2024 10:04:54.730] [Render thread/INFO] [net.minecraft.client.gui.components.ChatComponent/]: [System] [CHAT] Notify: true
[067月2024 10:04:56.894] [Server thread/INFO] [net.minecraft.server.MinecraftServer/]: [Not Secure] <Dev> dev
[067月2024 10:04:56.903] [Render thread/INFO] [net.minecraft.client.gui.components.ChatComponent/]: [CHAT] <Dev> dev
[067月2024 10:04:57.595] [Server thread/INFO] [net.minecraft.server.MinecraftServer/]: [Not Secure] <Dev> dev
[067月2024 10:04:57.605] [Render thread/INFO] [net.minecraft.client.gui.components.ChatComponent/]: [CHAT] <Dev> dev
[067月2024 10:04:58.678] [Render thread/INFO] [net.minecraft.client.gui.components.ChatComponent/]: [System] [CHAT] Notify: false
[067月2024 10:04:59.834] [Server thread/INFO] [net.minecraft.server.MinecraftServer/]: [Not Secure] <Dev> dev
[067月2024 10:04:59.842] [Render thread/INFO] [net.minecraft.client.gui.components.ChatComponent/]: [CHAT] <Dev> dev
[067月2024 10:05:00.588] [Server thread/INFO] [net.minecraft.server.MinecraftServer/]: [Not Secure] <Dev> dev
[067月2024 10:05:00.604] [Render thread/INFO] [net.minecraft.client.gui.components.ChatComponent/]: [CHAT] <Dev> dev
[067月2024 10:05:01.903] [Render thread/INFO] [net.minecraft.client.gui.components.ChatComponent/]: [System] [CHAT] Notify: true
[067月2024 10:05:03.085] [Server thread/INFO] [net.minecraft.server.MinecraftServer/]: [Not Secure] <Dev> dev
[067月2024 10:05:03.095] [Render thread/INFO] [net.minecraft.client.gui.components.ChatComponent/]: [CHAT] <Dev> dev
[067月2024 10:05:03.825] [Server thread/INFO] [net.minecraft.server.MinecraftServer/]: [Not Secure] <Dev> dev
[067月2024 10:05:03.853] [Render thread/INFO] [net.minecraft.client.gui.components.ChatComponent/]: [CHAT] <Dev> dev
[067月2024 10:05:04.614] [Server thread/INFO] [net.minecraft.client.server.IntegratedServer/]: Saving and pausing game...
[067月2024 10:05:04.648] [Server thread/INFO] [net.minecraft.server.MinecraftServer/]: Saving chunks for level 'ServerLevel[New World]'/minecraft:overworld
[067月2024 10:05:04.828] [Server thread/INFO] [net.minecraft.server.MinecraftServer/]: Saving chunks for level 'ServerLevel[New World]'/minecraft:the_end
[067月2024 10:05:05.144] [Server thread/INFO] [net.minecraft.server.MinecraftServer/]: Saving chunks for level 'ServerLevel[New World]'/minecraft:the_nether
[067月2024 10:05:05.492] [Server thread/INFO] [net.minecraft.server.network.ServerGamePacketListenerImpl/]: Dev lost connection: Disconnected
[067月2024 10:05:05.492] [Server thread/INFO] [net.minecraft.server.MinecraftServer/]: Dev left the game
[067月2024 10:05:05.842] [Server thread/INFO] [net.minecraft.server.network.ServerCommonPacketListenerImpl/]: Stopping singleplayer server as player logged out
[067月2024 10:05:05.885] [Server thread/INFO] [net.minecraft.server.MinecraftServer/]: Stopping server
[067月2024 10:05:05.885] [Server thread/INFO] [net.minecraft.server.MinecraftServer/]: Saving players
[067月2024 10:05:05.885] [Server thread/INFO] [net.minecraft.server.MinecraftServer/]: Saving worlds
[067月2024 10:05:09.723] [Server thread/INFO] [net.minecraft.server.MinecraftServer/]: Saving chunks for level 'ServerLevel[New World]'/minecraft:overworld
[067月2024 10:05:10.963] [Server thread/INFO] [net.minecraft.server.MinecraftServer/]: Saving chunks for level 'ServerLevel[New World]'/minecraft:the_end
[067月2024 10:05:10.995] [Server thread/INFO] [net.minecraft.server.MinecraftServer/]: Saving chunks for level 'ServerLevel[New World]'/minecraft:the_nether
[067月2024 10:05:11.066] [Server thread/INFO] [net.minecraft.server.MinecraftServer/]: ThreadedAnvilChunkStorage (New World): All chunks are saved
[067月2024 10:05:11.066] [Server thread/INFO] [net.minecraft.server.MinecraftServer/]: ThreadedAnvilChunkStorage (DIM1): All chunks are saved
[067月2024 10:05:11.066] [Server thread/INFO] [net.minecraft.server.MinecraftServer/]: ThreadedAnvilChunkStorage (DIM-1): All chunks are saved
[067月2024 10:05:11.066] [Server thread/INFO] [net.minecraft.server.MinecraftServer/]: ThreadedAnvilChunkStorage: All dimensions are saved
[067月2024 10:05:25.536] [Render thread/INFO] [net.minecraft.client.Minecraft/]: Stopping!
